<?xml version="1.0" encoding="UTF-8"?>
<!-- Generated by org.testng.reporters.JUnitXMLReporter -->
<testsuite ignored="0" hostname="DESKTOP-MHPKPV3" failures="2" tests="2" name="Surefire test" time="3.795" errors="0" timestamp="2022-04-15T13:16:12 WAT">
  <testcase classname="io.cucumber.testng.AbstractTestNGCucumberTests" name="runScenario" time="2.005">
    <failure type="java.lang.NullPointerException">
      <![CDATA[java.lang.NullPointerException
at StepDefinitions.BrowserStepDefinitions.printLog(BrowserStepDefinitions.java:128)
]]>
    </failure>
  </testcase> <!-- runScenario -->
  <testcase classname="io.cucumber.testng.AbstractTestNGCucumberTests" name="runScenario" time="0.457">
    <failure type="java.lang.NullPointerException">
      <![CDATA[java.lang.NullPointerException
at StepDefinitions.BrowserStepDefinitions.printLog(BrowserStepDefinitions.java:128)
]]>
    </failure>
  </testcase> <!-- runScenario -->
</testsuite> <!-- Surefire test -->
