<?xml version="1.0" encoding="UTF-8"?>
<testng-results ignored="0" total="2" passed="0" failed="2" skipped="0">
  <reporter-output>
  </reporter-output>
  <suite started-at="2022-04-15T13:16:08 WAT" name="Surefire suite" finished-at="2022-04-15T13:16:12 WAT" duration-ms="3795">
    <groups>
      <group name="cucumber">
        <method signature="AbstractTestNGCucumberTests.runScenario(io.cucumber.testng.PickleWrapper, io.cucumber.testng.FeatureWrapper)[pri:0, instance:RunnerStarter.TestRunner@7f8a9499]" name="runScenario" class="io.cucumber.testng.AbstractTestNGCucumberTests"/>
      </group> <!-- cucumber -->
    </groups>
    <test started-at="2022-04-15T13:16:08 WAT" name="Surefire test" finished-at="2022-04-15T13:16:12 WAT" duration-ms="3795">
      <class name="RunnerStarter.TestRunner">
        <test-method is-config="true" signature="setUpClass()[pri:0, instance:RunnerStarter.TestRunner@7f8a9499]" started-at="2022-04-15T13:16:08 WAT" name="setUpClass" finished-at="2022-04-15T13:16:09 WAT" duration-ms="820" status="PASS">
          <reporter-output>
          </reporter-output>
        </test-method> <!-- setUpClass -->
        <test-method signature="runScenario(io.cucumber.testng.PickleWrapper, io.cucumber.testng.FeatureWrapper)[pri:0, instance:RunnerStarter.TestRunner@7f8a9499]" started-at="2022-04-15T13:16:09 WAT" name="runScenario" description="Runs Cucumber Scenarios" data-provider="scenarios" finished-at="2022-04-15T13:16:11 WAT" duration-ms="2005" status="FAIL">
          <params>
            <param index="0">
              <value>
                <![CDATA["Title of your scenario"]]>
              </value>
            </param>
            <param index="1">
              <value>
                <![CDATA["Optional[CORRECTION-200]"]]>
              </value>
            </param>
          </params>
          <exception class="java.lang.NullPointerException">
            <full-stacktrace>
              <![CDATA[java.lang.NullPointerException
at StepDefinitions.BrowserStepDefinitions.printLog(BrowserStepDefinitions.java:128)
]]>
            </full-stacktrace>
          </exception> <!-- java.lang.NullPointerException -->
          <reporter-output>
          </reporter-output>
        </test-method> <!-- runScenario -->
        <test-method signature="runScenario(io.cucumber.testng.PickleWrapper, io.cucumber.testng.FeatureWrapper)[pri:0, instance:RunnerStarter.TestRunner@7f8a9499]" started-at="2022-04-15T13:16:11 WAT" name="runScenario" description="Runs Cucumber Scenarios" data-provider="scenarios" finished-at="2022-04-15T13:16:12 WAT" duration-ms="457" status="FAIL">
          <params>
            <param index="0">
              <value>
                <![CDATA["Title of your scenario"]]>
              </value>
            </param>
            <param index="1">
              <value>
                <![CDATA["Optional[CORRECTION-200]"]]>
              </value>
            </param>
          </params>
          <exception class="java.lang.NullPointerException">
            <full-stacktrace>
              <![CDATA[java.lang.NullPointerException
at StepDefinitions.BrowserStepDefinitions.printLog(BrowserStepDefinitions.java:128)
]]>
            </full-stacktrace>
          </exception> <!-- java.lang.NullPointerException -->
          <reporter-output>
          </reporter-output>
        </test-method> <!-- runScenario -->
        <test-method is-config="true" signature="tearDownClass()[pri:0, instance:RunnerStarter.TestRunner@7f8a9499]" started-at="2022-04-15T13:16:12 WAT" name="tearDownClass" finished-at="2022-04-15T13:16:12 WAT" duration-ms="23" status="PASS">
          <reporter-output>
          </reporter-output>
        </test-method> <!-- tearDownClass -->
      </class> <!-- RunnerStarter.TestRunner -->
    </test> <!-- Surefire test -->
  </suite> <!-- Surefire suite -->
</testng-results>
