<?xml version="1.0" encoding="UTF-8"?>
<testsuite xmlns:xsi="http://www.w3.org/2001/XMLSchema-instance" xsi:noNamespaceSchemaLocation="https://maven.apache.org/surefire/maven-surefire-plugin/xsd/surefire-test-report.xsd" name="Runner.TestRunner" time="8.433" tests="2" errors="0" skipped="0" failures="2">
  <properties>
[...]
</properties>
  <testcase name="runScenario" classname="Runner.TestRunner" time="5.02">
    <failure message="Filter: [0][&apos;firstName&apos;] can only be applied to arrays. Current context is: {}" type="com.jayway.jsonpath.PathNotFoundException">com.jayway.jsonpath.PathNotFoundException: Filter: [0]['firstName'] can only be applied to arrays. Current context is: {}
</failure>
    <system-out><![CDATA[«environment.Testing Env.DB-parameters.host»
Array List of local, environment or function variables
[environment.Testing Env.DB-parameters.host]
Array list of Environment Keys
[environment, Testing Env, DB-parameters, host]
value picked out from environment keys
localhost
replaces Source
localhost
«environment.Testing Env.DB-parameters.port»
Array List of local, environment or function variables
[environment.Testing Env.DB-parameters.port]
Array list of Environment Keys
[environment, Testing Env, DB-parameters, port]
value picked out from environment keys
3306
replaces Source
3306
«environment.Testing Env.DB-parameters.dbName»
Array List of local, environment or function variables
[environment.Testing Env.DB-parameters.dbName]
Array list of Environment Keys
[environment, Testing Env, DB-parameters, dbName]
value picked out from environment keys
testdatabase
replaces Source
testdatabase
«environment.Testing Env.DB-parameters.user»
Array List of local, environment or function variables
[environment.Testing Env.DB-parameters.user]
Array list of Environment Keys
[environment, Testing Env, DB-parameters, user]
value picked out from environment keys
root
replaces Source
root
«environment.Testing Env.DB-parameters.password»
Array List of local, environment or function variables
[environment.Testing Env.DB-parameters.password]
Array list of Environment Keys
[environment, Testing Env, DB-parameters, password]
value picked out from environment keys
Passw@rd0123
replaces Source
Passw@rd0123
................................first small boy method........................................
Wed Apr 13 07:22:01 WAT 2022: Executing... Given DB host "«environment.Testing Env.DB-parameters.host»" port "«environment.Testing Env.DB-parameters.port»" dbName "«environment.Testing Env.DB-parameters.dbName»" user "«environment.Testing Env.DB-parameters.user»" password "«environment.Testing Env.DB-parameters.password»"
Wed Apr 13 07:22:01 WAT 2022: Executing... Given DB host {localhost} port {3306} dbName {testdatabase} user {root} password {Passw@rd0123}
firstName
Array List of local, environment or function variables
[]
................................first small boy method........................................
Wed Apr 13 07:22:01 WAT 2022: Executing... And variable "help" is "firstName"
Wed Apr 13 07:22:01 WAT 2022: Executing... And variable {help} is {firstName}
SELECT «help» FROM testdatabase.student
Array List of local, environment or function variables
[help]
replaces Source
SELECT firstName FROM testdatabase.student
[{"firstName":"Olumide"},{"firstName":"Gary "},{"firstName":"Frank"},{"firstName":"Kun"},{"firstName":"Sadio"},{"firstName":"Harry"},{"firstName":"Van"},{"firstName":"Lionel "},{"firstName":"Christiano"}]
................................first small boy method........................................
Wed Apr 13 07:22:01 WAT 2022: Executing... When I execute the query "SELECT «help» FROM testdatabase.student"
Wed Apr 13 07:22:01 WAT 2022: Executing... When I execute the query {SELECT firstName FROM testdatabase.student}
................................first small boy method........................................
Wed Apr 13 07:22:01 WAT 2022: Executing... And I store the result in "result" as string
Wed Apr 13 07:22:01 WAT 2022: Executing... And I store the result in {result} as string
................................first small boy method........................................
Wed Apr 13 07:22:01 WAT 2022: Executing... And I store the result in "result1" as json
Wed Apr 13 07:22:01 WAT 2022: Executing... And I store the result in {result1} as json
«result»
Array List of local, environment or function variables
[result]
replaces Source
[{"firstName":"Olumide"},{"firstName":"Gary "},{"firstName":"Frank"},{"firstName":"Kun"},{"firstName":"Sadio"},{"firstName":"Harry"},{"firstName":"Van"},{"firstName":"Lionel "},{"firstName":"Christiano"}]
Olumide
Array List of local, environment or function variables
[]
................................first small boy method........................................
Wed Apr 13 07:22:01 WAT 2022: Executing... Then "«result»" should contain "Olumide"
Wed Apr 13 07:22:01 WAT 2022: Executing... Then {[{"firstName":"Olumide"},{"firstName":"Gary "},{"firstName":"Frank"},{"firstName":"Kun"},{"firstName":"Sadio"},{"firstName":"Harry"},{"firstName":"Van"},{"firstName":"Lionel "},{"firstName":"Christiano"}]} should contain {Olumide}
{}
07:22:03.322 [main] DEBUG com.jayway.jsonpath.internal.path.CompiledPath - Evaluating path: $[0]['firstName']
................................first small boy method........................................
Wed Apr 13 07:22:03 WAT 2022: Executing... When I put the r=jsonpath "$[0].firstName" from "result1" as "firstAvailableFirstName"
Wed Apr 13 07:22:03 WAT 2022: Executing... Then {[{"firstName":"Olumide"},{"firstName":"Gary "},{"firstName":"Frank"},{"firstName":"Kun"},{"firstName":"Sadio"},{"firstName":"Harry"},{"firstName":"Van"},{"firstName":"Lionel "},{"firstName":"Christiano"}]} should contain {Olumide}
]]></system-out>
  </testcase>
  <testcase name="runScenario" classname="Runner.TestRunner" time="0.808">
    <failure message="Filter: [0][&apos;firstName&apos;] can only be applied to arrays. Current context is: {}" type="com.jayway.jsonpath.PathNotFoundException">com.jayway.jsonpath.PathNotFoundException: Filter: [0]['firstName'] can only be applied to arrays. Current context is: {}
</failure>
    <system-out><![CDATA[«environment.Testing Env.DB-parameters.host»
Array List of local, environment or function variables
[environment.Testing Env.DB-parameters.host]
Array list of Environment Keys
[environment, Testing Env, DB-parameters, host]
value picked out from environment keys
localhost
replaces Source
localhost
«environment.Testing Env.DB-parameters.port»
Array List of local, environment or function variables
[environment.Testing Env.DB-parameters.port]
Array list of Environment Keys
[environment, Testing Env, DB-parameters, port]
value picked out from environment keys
3306
replaces Source
3306
«environment.Testing Env.DB-parameters.dbName»
Array List of local, environment or function variables
[environment.Testing Env.DB-parameters.dbName]
Array list of Environment Keys
[environment, Testing Env, DB-parameters, dbName]
value picked out from environment keys
testdatabase
replaces Source
testdatabase
«environment.Testing Env.DB-parameters.user»
Array List of local, environment or function variables
[environment.Testing Env.DB-parameters.user]
Array list of Environment Keys
[environment, Testing Env, DB-parameters, user]
value picked out from environment keys
root
replaces Source
root
«environment.Testing Env.DB-parameters.password»
Array List of local, environment or function variables
[environment.Testing Env.DB-parameters.password]
Array list of Environment Keys
[environment, Testing Env, DB-parameters, password]
value picked out from environment keys
Passw@rd0123
replaces Source
Passw@rd0123
................................first small boy method........................................
Wed Apr 13 07:22:03 WAT 2022: Executing... Given DB host "«environment.Testing Env.DB-parameters.host»" port "«environment.Testing Env.DB-parameters.port»" dbName "«environment.Testing Env.DB-parameters.dbName»" user "«environment.Testing Env.DB-parameters.user»" password "«environment.Testing Env.DB-parameters.password»"
Wed Apr 13 07:22:03 WAT 2022: Executing... Given DB host {localhost} port {3306} dbName {testdatabase} user {root} password {Passw@rd0123}
firstName
Array List of local, environment or function variables
[]
................................first small boy method........................................
Wed Apr 13 07:22:03 WAT 2022: Executing... And variable "help" is "firstName"
Wed Apr 13 07:22:03 WAT 2022: Executing... And variable {help} is {firstName}
SELECT «help» FROM testdatabase.student
Array List of local, environment or function variables
[help]
replaces Source
SELECT firstName FROM testdatabase.student
[{"firstName":"Olumide"},{"firstName":"Gary "},{"firstName":"Frank"},{"firstName":"Kun"},{"firstName":"Sadio"},{"firstName":"Harry"},{"firstName":"Van"},{"firstName":"Lionel "},{"firstName":"Christiano"}]
................................first small boy method........................................
Wed Apr 13 07:22:03 WAT 2022: Executing... When I execute the query "SELECT «help» FROM testdatabase.student"
Wed Apr 13 07:22:03 WAT 2022: Executing... When I execute the query {SELECT firstName FROM testdatabase.student}
................................first small boy method........................................
Wed Apr 13 07:22:03 WAT 2022: Executing... And I store the result in "result" as string
Wed Apr 13 07:22:03 WAT 2022: Executing... And I store the result in {result} as string
................................first small boy method........................................
Wed Apr 13 07:22:03 WAT 2022: Executing... And I store the result in "result1" as json
Wed Apr 13 07:22:03 WAT 2022: Executing... And I store the result in {result1} as json
«result»
Array List of local, environment or function variables
[result]
replaces Source
[{"firstName":"Olumide"},{"firstName":"Gary "},{"firstName":"Frank"},{"firstName":"Kun"},{"firstName":"Sadio"},{"firstName":"Harry"},{"firstName":"Van"},{"firstName":"Lionel "},{"firstName":"Christiano"}]
Olumide
Array List of local, environment or function variables
[]
................................first small boy method........................................
Wed Apr 13 07:22:03 WAT 2022: Executing... Then "«result»" should contain "Olumide"
Wed Apr 13 07:22:03 WAT 2022: Executing... Then {[{"firstName":"Olumide"},{"firstName":"Gary "},{"firstName":"Frank"},{"firstName":"Kun"},{"firstName":"Sadio"},{"firstName":"Harry"},{"firstName":"Van"},{"firstName":"Lionel "},{"firstName":"Christiano"}]} should contain {Olumide}
{}
07:22:03.784 [main] DEBUG com.jayway.jsonpath.internal.path.CompiledPath - Evaluating path: $[0]['firstName']
................................first small boy method........................................
Wed Apr 13 07:22:03 WAT 2022: Executing... When I put the r=jsonpath "$[0].firstName" from "result1" as "firstAvailableFirstName"
Wed Apr 13 07:22:03 WAT 2022: Executing... Then {[{"firstName":"Olumide"},{"firstName":"Gary "},{"firstName":"Frank"},{"firstName":"Kun"},{"firstName":"Sadio"},{"firstName":"Harry"},{"firstName":"Van"},{"firstName":"Lionel "},{"firstName":"Christiano"}]} should contain {Olumide}
]]></system-out>
  </testcase>
</testsuite>